\BOOKMARK [0][-]{MUTESCHAPTER.1.0}{\376\377\000C\000o\000n\000t\000e\000n\000t\000s}{}% 1
\BOOKMARK [0][-]{schapter.2}{\376\377\000L\000i\000s\000t\000\040\000o\000f\000\040\000A\000b\000b\000r\000e\000v\000i\000a\000t\000i\000o\000n\000s\000\040\000a\000n\000d\000\040\000A\000c\000r\000o\000n\000y\000m\000s}{}% 2
\BOOKMARK [0][-]{schapter.3}{\376\377\000L\000i\000s\000t\000\040\000o\000f\000\040\000F\000i\000g\000u\000r\000e\000s}{}% 3
\BOOKMARK [0][-]{schapter.4}{\376\377\000A\000b\000s\000t\000r\000a\000c\000t}{}% 4
\BOOKMARK [0][-]{schapter.5}{\376\377\000R\000e\000s\000u\000m\000o}{}% 5
\BOOKMARK [0][-]{CHAPTER.1}{\376\377\0001\000\040\000I\000n\000t\000r\000o\000d\000u\000c\000t\000i\000o\000n}{}% 6
\BOOKMARK [0][-]{CHAPTER.2}{\376\377\0002\000\040\000V\000a\000r\000i\000a\000b\000i\000l\000i\000t\000y\000\040\000E\000f\000f\000e\000c\000t\000s\000\040\000a\000n\000d\000\040\000M\000i\000t\000i\000g\000a\000t\000i\000o\000n\000\040\000T\000e\000c\000h\000n\000i\000q\000u\000e\000s}{}% 7
\BOOKMARK [0][-]{CHAPTER.3}{\376\377\0003\000\040\000F\000i\000n\000F\000E\000T\000\040\000T\000e\000c\000h\000n\000o\000l\000o\000g\000y\000\040\000a\000n\000d\000\040\000V\000a\000r\000i\000a\000b\000i\000l\000i\000t\000y\000\040\000I\000m\000p\000a\000c\000t}{}% 8
\BOOKMARK [0][-]{CHAPTER.4}{\376\377\0004\000\040\000C\000o\000n\000s\000i\000d\000e\000r\000e\000d\000\040\000D\000e\000s\000i\000g\000n\000s}{}% 9
\BOOKMARK [1][-]{section.4.1}{\376\377\0004\000.\0001\000\040\0006\000T\000\040\000T\000r\000a\000d\000i\000t\000i\000o\000n\000a\000l\000\040\000S\000T}{CHAPTER.4}% 10
\BOOKMARK [2][-]{subsection.4.1.1}{\376\377\0004\000.\0001\000.\0001\000\040\000T\000h\000r\000e\000e\000\040\000I\000n\000v\000e\000r\000t\000e\000r\000\040\000S\000c\000h\000m\000i\000t\000t\000\040\000T\000r\000i\000g\000g\000e\000r\000\040\000\050\000T\000I\000S\000T\000\051}{section.4.1}% 11
\BOOKMARK [2][-]{subsection.4.1.2}{\376\377\0004\000.\0001\000.\0002\000\040\000S\000t\000a\000c\000k\000e\000d\000\040\000I\000n\000v\000e\000r\000t\000e\000r\000\040\000G\000a\000t\000e\000\040\000\050\000S\000I\000G\000\051}{section.4.1}% 12
\BOOKMARK [0][-]{CHAPTER.5}{\376\377\0005\000\040\000O\000b\000j\000e\000c\000t\000i\000v\000e\000s}{}% 13
\BOOKMARK [0][-]{CHAPTER.6}{\376\377\0006\000\040\000M\000e\000t\000h\000o\000d\000o\000l\000o\000g\000y}{}% 14
\BOOKMARK [1][-]{section.6.1}{\376\377\0006\000.\0001\000\040\000L\000a\000y\000o\000u\000t\000\040\000D\000e\000s\000i\000g\000n}{CHAPTER.6}% 15
\BOOKMARK [1][-]{section.6.2}{\376\377\0006\000.\0002\000\040\000E\000l\000e\000c\000t\000r\000i\000c\000a\000l\000\040\000S\000i\000m\000u\000l\000a\000t\000i\000o\000n}{CHAPTER.6}% 16
\BOOKMARK [0][-]{CHAPTER.7}{\376\377\0007\000\040\000R\000e\000s\000u\000l\000t\000s}{}% 17
\BOOKMARK [1][-]{section.7.1}{\376\377\0007\000.\0001\000\040\000O\000v\000e\000r\000\040\000r\000o\000b\000u\000s\000t\000n\000e\000s\000s\000\040\000e\000n\000h\000a\000n\000c\000i\000n\000g\000\040\000c\000i\000r\000c\000u\000i\000t\000s}{CHAPTER.7}% 18
\BOOKMARK [1][-]{section.7.2}{\376\377\0007\000.\0002\000\040\000E\000n\000e\000r\000g\000y\000\040\000C\000o\000n\000s\000u\000m\000p\000t\000i\000o\000n\000\040\000a\000n\000d\000\040\000D\000e\000v\000i\000a\000t\000i\000o\000n}{CHAPTER.7}% 19
\BOOKMARK [1][-]{section.7.3}{\376\377\0007\000.\0003\000\040\000S\000t\000a\000t\000i\000c\000\040\000N\000o\000i\000s\000e\000\040\000M\000a\000r\000g\000i\000n\000s}{CHAPTER.7}% 20
\BOOKMARK [1][-]{section.7.4}{\376\377\0007\000.\0004\000\040\000O\000v\000e\000r\000\040\000S\000T\000\040\000t\000e\000c\000h\000n\000i\000q\000u\000e\000\040\000a\000p\000p\000l\000i\000e\000d\000\040\000o\000n\000\040\000F\000u\000l\000l\000\040\000A\000d\000d\000e\000r\000s}{CHAPTER.7}% 21
\BOOKMARK [2][-]{subsection.7.4.1}{\376\377\0007\000.\0004\000.\0001\000\040\000N\000o\000m\000i\000n\000a\000l\000\040\000O\000p\000e\000r\000a\000t\000i\000o\000n}{section.7.4}% 22
\BOOKMARK [2][-]{subsection.7.4.2}{\376\377\0007\000.\0004\000.\0002\000\040\000N\000e\000a\000r\000-\000T\000h\000r\000e\000s\000h\000o\000l\000d\000\040\000O\000p\000e\000r\000a\000t\000i\000o\000n}{section.7.4}% 23
\BOOKMARK [2][-]{subsection.7.4.3}{\376\377\0007\000.\0004\000.\0003\000\040\000P\000e\000n\000a\000l\000t\000i\000e\000s}{section.7.4}% 24
\BOOKMARK [0][-]{CHAPTER.8}{\376\377\0008\000\040\000C\000o\000n\000c\000l\000u\000s\000i\000o\000n\000s}{}% 25
\BOOKMARK [0][-]{schapter.6}{\376\377\000R\000e\000f\000e\000r\000e\000n\000c\000e\000s}{}% 26
\BOOKMARK [0][-]{CHAPTER.A}{\376\377\000A\000n\000n\000e\000x\000\040\000A\000\040\040\024\000\040\000I\000n\000v\000e\000r\000t\000e\000r\000\040\000D\000e\000s\000i\000g\000n\000s\000\040\000L\000a\000y\000o\000u\000t\000s}{}% 27
\BOOKMARK [0][-]{CHAPTER.B}{\376\377\000A\000n\000n\000e\000x\000\040\000B\000\040\040\024\000\040\000F\000u\000l\000l\000\040\000A\000d\000d\000e\000r\000s}{}% 28
\BOOKMARK [0][-]{CHAPTER.C}{\376\377\000A\000n\000n\000e\000x\000\040\000C\000\040\040\024\000\040\000E\000n\000e\000r\000g\000y\000\040\000m\000e\000a\000s\000u\000r\000e\000s\000\040\000d\000i\000s\000t\000r\000i\000b\000u\000t\000i\000o\000n\000s}{}% 29
\BOOKMARK [0][-]{CHAPTER.D}{\376\377\000A\000n\000n\000e\000x\000\040\000D\000\040\040\024\000\040\000E\000x\000t\000r\000a\000c\000t\000e\000d\000\040\000n\000e\000t\000l\000i\000s\000t\000s\000\040\000f\000r\000o\000m\000\040\000l\000a\000y\000o\000u\000t\000s}{}% 30
