mktextfm ecbx1200
mktextfm ptmr8t
mktextfm ptmr8t
mktextfm ptmb8t
mktextfm nullfont
mktextfm ptmb8t
mktextfm nullfont
mktextfm ptmr8t
mktextfm ptmb8t
mktextfm nullfont
mktextfm ptmri8t
mktextfm ecbx1095
mktextfm ptmr8t
mktextfm ptmr8t
mktextfm pcrr8t
mktextfm ptmr8c
mktextfm ptmbc8t
mktextfm nullfont
mktextfm ecrm1200
mktextfm ecrm1200
mktextfm ecrm1200
mktextfm ecrm1200
mktextfm ecrm1200
mktextfm ecrm1200
mktextfm ecrm1200
mktextfm ecrm1200
mktextfm ecrm1200
mktextfm ecrm1200
mktextfm ecrm1200
mktextfm ecrm1200
mktextfm ecrm1200
mktextfm ecrm1200
mktextfm ecrm1200
mktextfm ecrm1200
mktextfm ecrm1200
mktextfm ecrm1200
mktextfm ecrm1200
mktextfm ecrm1200
mktextfm ecrm1200
mktextfm ecrm1200
mktextfm ecrm1200
mktextfm ecrm1200
mktextfm ecrm1200
mktextfm ecrm1200
mktextfm ecrm1200
mktextfm ecrm1200
mktextfm ecrm1200
mktextfm ecrm1200
mktextfm ecrm1200
mktextfm ecrm1200
mktextfm ecrm1200
mktextfm ecrm1200
mktextfm ecrm1200
mktextfm ecrm1200
mktextfm ecrm1200
mktextfm ecrm1200
mktextfm ecrm1200
mktextfm ecrm1200
mktextfm ptmr8t
mktextfm ptmr8t
mktextfm ptmb8t
mktextfm nullfont
mktextfm ptmb8t
mktextfm nullfont
mktextfm ptmr8t
mktextfm ptmr8t
mktextfm ptmri8t
mktextfm pcrr8t
mktextfm ptmb8t
mktextfm nullfont
mktextfm ptmr8c
mktextfm ptmbc8t
mktextfm nullfont
mktextfm ecrm1200
mktextfm ptmr8t
mktextfm ptmr8t
mktextfm ptmb8t
mktextfm nullfont
mktextfm ptmb8t
mktextfm nullfont
mktextfm ptmr8t
mktextfm ptmr8t
mktextfm ptmri8t
mktextfm pcrr8t
mktextfm ptmr8c
mktextfm ptmbc8t
mktextfm nullfont
mktextfm ecrm1200
mktextfm ptmr8t
mktextfm ptmr8t
mktextfm ptmb8t
mktextfm nullfont
mktextfm ptmb8t
mktextfm nullfont
mktextfm ptmr8t
mktextfm ptmr8t
mktextfm ptmri8t
mktextfm pcrr8t
mktextfm ptmr8c
mktextfm ptmbc8t
mktextfm nullfont
mktextfm ecrm1200
mktextfm ptmr8t
mktextfm ptmr8t
mktextfm ptmb8t
mktextfm nullfont
mktextfm ptmb8t
mktextfm nullfont
mktextfm ptmr8t
mktextfm ptmr8t
mktextfm ptmri8t
mktextfm pcrr8t
mktextfm ptmr8c
mktextfm ptmbc8t
mktextfm nullfont
